100
0 434 510 536 578 650 665 729 751 770 818 950 1078 1101 1178 1523 1546 1762 1788 1835 2172 2332 2370 2674 2690 2937 2944 3037 3159 3240 3254 3352 3527 3804 3967
1 231 281 290 299 334 773 960 1002 1133 1431 1849 2334 2638 2721 2970 2971 3036 3112 3168 3257 3359 3373 3417 3463 3483 3762 3870
2 525 614 930 936 1036 1137 1265 1345 1358 1425 1580 1873 1914 1930 2260 2470 2661 2744 2822 2828 3109 3325 3412 3567 3609 3707 3986
3 70 136 352 445 711 750 910 1046 1479 2027 2168 2181 2516 2788 2794 2832 3234 3323 3366 3604 3719 3786 3911 3966
4 9 26 108 379 386 732 802 1038 1333 1427 1443 1534 1558 1701 2276 2421 2492 2527 2546 2813 3256 3470 3648 3687 3865 3987
5 489 736 999 1155 1287 1667 1759 2196 2235 2596 2640 2726 2874 2878 2980 2999 3023 3057 3119 3219 3277 3406 3744 3983
6 257 335 648 1039 1142 1204 1472 1632 1752 1755 1773 1792 1804 1806 1962 1980 2002 2035 2051 2157 2271 2338 2460 2785 3495 3541 3995
7 152 163 529 551 651 692 864 867 1063 1185 1357 1429 1683 1905 2388 2764 2838 2865 3203 3360 3733 3739 3742 3972
8 71 93 339 464 602 671 743 1165 1552 1756 1857 1901 2089 2110 2286 2575 2622 2655 2938 2953 3478 3490 3602 3689 3726 3751 3980
9 16 25 80 200 233 249 423 508 567 616 989 1011 1629 1693 1735 1771 2246 2275 2765 2782 3104 3311 3379 3405 3907 3924
10 23 79 590 901 1162 1221 1353 1392 1565 1819 2033 2123 2127 2156 2216 2677 3202 3298 3426 3631 3781 3811 3831 3874 3875
11 198 269 389 695 706 738 977 1086 1134 1308 1327 1471 1473 1531 1603 2189 2251 2420 2462 2742 2961 3140 3243 3350 3699 3910
12 167 301 596 961 1061 1110 1372 1618 1696 1809 1859 2155 2323 2416 2436 2448 2656 2659 2757 3039 3434 3675 3812
13 50 53 127 129 667 691 799 829 875 1040 1252 1605 1612 1764 2067 2113 2171 2299 2449 2633 2883 3269 3335 3517 3581 3619 3753
14 42 190 573 623 733 831 869 985 1015 1216 1453 1455 1497 1577 1802 1882 1948 2116 2124 2174 2383 2469 2475 2669 2783 2857 3292 3880 3994
15 165 230 320 324 362 615 1013 1518 1570 1595 2009 2182 2326 2350 2513 2853 3007 3051 3130 3181 3299 3608 3637 3805
16 64 107 143 603 684 1206 1313 1745 1799 1805 1837 1936 1985 2373 2387 2648 2696 2814 2956 3011 3151 3388 3577 3667 3821 3858
17 74 360 485 490 563 800 1081 1128 1132 1138 1278 1305 1314 1416 1698 2045 2077 2238 2328 2494 2821 3264 3386 3501 3610 3655 3956
18 65 96 211 459 606 699 982 1257 1334 1445 1761 1834 2197 2444 2623 2630 2977 3111 3267 3358 3395 3525 3594 3897
19 173 309 367 455 487 718 724 805 899 998 1057 1528 1548 1579 2282 2306 2399 2711 2915 3017 3027 3149 3215 3261 3275 3611 3666 3747
20 189 372 605 612 835 931 1317 1514 1841 2297 2397 2403 2447 2665 2774 2931 3249 3330 3484 3679 3750 3838 3895
21 139 166 215 402 478 705 849 944 1152 1268 1654 1711 1733 1986 2140 2255 2526 2577 2685 2973 3127 3182 3332 3414 3597 3727 3876
22 19 44 51 89 408 728 735 1232 1245 1405 1649 1688 1864 1881 1955 2020 2053 2344 3247 3274 3433 3516 3819 3845 3857 3908 3943
23 56 187 359 871 892 995 1147 1408 1469 1553 1717 1846 1847 2245 2308 2376 2386 2552 2569 2715 2770 2851 3021 3197 3416 3837
24 18 85 97 123 542 544 771 913 1082 1121 1467 1568 1913 2132 2437 2673 2700 2730 2737 2880 3009 3167 3500 3641 3934 3978
25 377 513 634 753 1105 1150 1192 1297 1322 1486 1503 1611 1869 1946 1995 2084 2148 2532 2627 2929 3102 3150 3288 3318 3402 3714
26 33 137 327 534 873 1023 1024 1224 1263 1359 1398 1463 1613 1619 1958 2016 2143 2231 2294 2643 2864 3075 3083 3154 3228 3338 3514 3867 3898
27 342 649 763 840 842 994 1093 1096 1127 1246 1400 1494 1542 1677 1741 1744 1927 1951 2030 2389 2401 2440 2514 2536 2698 3116 3975
28 316 371 384 562 976 1048 1441 1520 1578 1631 1853 1945 2099 2147 2501 2624 2786 2948 2997 3106 3190 3191 3487 3640 3814 3871
29 404 646 700 837 949 1107 1169 1205 1272 1449 1484 1500 1529 1796 2017 2130 2442 2505 2570 2743 2866 3068 3172 3253 3424 3595 3678 3844
30 225 287 382 443 520 585 749 767 886 911 958 1062 1188 1902 2354 2738 2962 3020 3205 3213 3728 3859 3878 3889 3945 3964
31 0 34 300 446 482 759 822 843 1485 1630 1723 1751 2066 2088 2122 2176 2611 2910 3019 3024 3047 3272 3438 3504 3617 3999
32 204 295 549 554 987 1506 1593 1663 1878 1879 2121 2361 2776 2784 2849 3115 3152 3155 3198 3328 3343 3377 3598 3600 3882 3905 3992
33 130 216 388 504 546 547 865 914 1196 1227 1544 1561 1614 1622 1716 2011 2125 2485 2573 2620 2803 2847 3341 3560 3779
34 442 908 946 1020 1135 1191 1200 1393 1434 1454 1692 1891 1993 2015 2144 2229 2309 2446 2474 2524 2924 3289 3807 3890
35 38 296 725 850 972 1199 1664 1671 1675 1801 1886 1915 2047 2065 2180 2336 2566 2766 3030 3186 3294 3451 3509 3618 3883
36 59 145 177 1119 1202 1329 1480 1581 1922 1944 1964 2093 2265 2457 2560 2986 3195 3221 3268 3305 3758 3968
37 43 172 470 653 1153 1189 1284 1318 1464 1504 1615 1738 2001 2083 2102 2292 2302 2562 2646 2681 2735 2802 3252 3310 3657 3800 3896 3915
38 94 180 298 476 863 893 1129 1820 1925 2025 2049 2221 2579 2663 2707 3054 3436 3530 3606 3672 3693 3748 3909 3993
39 68 188 208 333 714 922 1235 1390 1489 1589 1642 1662 1722 1791 2060 2262 2675 2761 2872 3146 3236 3612 3864 3891 3949
40 244 345 469 519 535 557 621 668 778 941 1126 1332 1765 2040 2131 2186 2551 2644 2733 2763 2868 3457 3474 3639 3899
41 12 116 141 193 212 253 509 808 1100 1743 1787 1883 2343 2750 2762 2839 2852 2951 2998 3098 3368 3539 3570 3636 3840 3872 3991
42 46 83 203 223 877 896 969 1014 1177 1543 1758 1898 1966 2243 2289 2365 2402 2746 3029 3065 3175 3442 3482 3912 3962
43 7 424 499 721 926 986 1003 1161 1228 1526 1645 1700 1721 1823 1870 1942 2024 2424 2584 2820 2966 3044 3293 3307 3461 3677 3803 3881 3991
44 41 91 119 310 356 357 675 824 866 872 1118 1452 1512 1760 1890 2041 2150 2425 2464 2556 2833 2888 2898 3131 3432 3586 3887
45 110 134 242 321 336 353 416 432 707 968 1043 1065 1091 1347 1770 1830 1992 2211 2228 2641 2684 2752 3429 3445 3603
46 28 266 315 514 565 657 819 907 975 1021 1163 1193 1220 1545 1598 1653 2756 2843 3002 3180 3351 3397 3561 3601 3979
47 118 153 184 468 686 708 951 959 1102 1364 1549 1550 1592 2078 2134 2355 2548 2679 2855 3095 3420 3564 3671 3932
48 49 195 502 561 673 740 795 955 1266 1399 1519 2209 2528 2740 3041 3126 3344 3536 3623 3624 3702 3723 3963 3965
49 35 54 149 381 488 793 826 857 870 934 956 1156 1253 1380 1621 1706 1715 1917 2441 2484 2634 2716 2909 3399 3718 3813 3990
50 157 346 398 460 681 688 1541 1828 1858 2195 2220 2450 2557 2688 2826 2856 2863 2932 3042 3519 3688 3756 3977 3985
51 125 181 248 261 329 426 501 746 827 1217 1304 1415 1470 2026 2075 2277 2405 2760 2862 2890 3025 3136 3232 3356 3392 3511 3563
52 47 66 158 1035 1116 1181 1267 1423 1491 1509 1524 1617 1668 1912 1983 2013 2038 2496 2682 2722 2946 2965 3073 3133 3370 3437 3455 3576 3927 3989
53 10 390 558 572 593 726 1194 1276 1410 1535 1576 1583 1899 2295 2422 2595 2650 2720 2767 2768 2934 3062 3064 3345 3592 3797 3848 3868 3885 3940 3988
54 268 380 406 412 422 448 801 889 1010 1247 1299 1402 1994 2351 2380 2500 2525 2631 2699 2797 2927 3060 3209 3231 3364 3464
55 4 73 81 294 517 566 687 781 1025 1090 1292 1483 2072 2145 2178 2408 2804 3169 3218 3363 3391 3550 3614 3955 3960
56 170 235 358 439 617 836 856 1140 1283 1679 2493 2564 2877 3081 3132 3185 3304 3348 3355 3413 3439 3493 3761 3938 3946
57 117 124 209 391 881 933 1195 1409 1413 1557 2160 2210 2414 2486 3004 3120 3134 3251 3571 3575 3615 3691 3817 3847 3923
58 483 847 904 1042 1051 1887 1892 1978 2225 2234 2248 2256 2362 2547 2582 2608 2697 2805 2900 2960 3026 3128 3137 3662 3682 3998
59 425 685 775 1291 1382 1447 1457 1714 1810 1848 2163 2264 2329 2337 2406 2603 2687 2922 3005 3237 3401 3407 3799 3828
60 185 397 414 537 540 552 599 813 1000 1007 1012 1059 1404 1678 1786 1789 1970 2273 2724 2823 2844 2984 3069 3124 3226 3245 3317 3548 3863
61 305 311 343 479 628 710 1293 1487 1624 1740 1827 1889 2454 2463 2629 2771 2779 2858 3003 3207 3354 3708 3856 3925 3929
62 332 354 568 613 697 786 804 814 940 962 1151 1310 1343 1396 1411 1551 1670 2333 2427 2609 2967 2981 3010 3320 3339 3535 3649
63 105 106 236 369 600 680 996 1170 1250 1300 1522 1644 1703 1921 2267 2605 2616 2745 2871 2912 3012 3469 3522 3580 3651 3724 3959
64 191 430 431 553 608 639 1354 1385 1638 1694 1730 1989 2190 2305 2507 2654 2732 2846 2903 3110 3362 3690 3953
65 98 527 652 712 739 742 783 929 1207 1303 1597 1781 1795 1950 2237 2610 2727 2829 3129 3177 3196 3276 3440
66 72 1044 1068 1223 1251 1444 1640 2194 2236 2253 2290 2347 2381 2519 2554 2578 2676 2777 2921 3223 3409 3713 3778 3861 3948
67 154 214 229 518 1094 1768 1779 1876 1923 2022 2153 2212 2240 2379 2417 2747 2754 2759 2854 3206 3313 3390 3431 3808 3991
68 24 133 234 274 292 293 314 331 370 409 511 515 1080 1468 1501 2101 2136 2593 3070 3082 3380 3502 3653 3680 3730
69 2 8 263 289 580 674 1097 1261 1412 1511 1517 1659 1708 1814 2010 2358 2488 2568 2807 2835 3122 3156 3171 3271 3308 3327 3378 3480 3616 3836
70 351 383 629 637 1294 1478 1502 1594 1600 1851 1931 2378 2592 2613 2632 2691 2749 2773 2906 2945 3170 3287 3423 3674 3916
71 239 477 861 1009 1049 1438 1492 1532 1731 1865 1929 1960 2310 2512 2628 2686 2881 2907 2996 3235 3411 3873 3931 3939
72 11 207 241 270 465 523 631 820 828 1280 1323 1461 1606 2461 2511 2619 2713 3006 3173 3210 3230 3449 3491 3547 3583 3913 3998
73 87 162 169 313 564 698 789 1067 1167 1174 1689 1790 2058 2080 2146 2204 2317 2396 2491 2534 2535 2902 3394 3408 3458
74 262 663 701 757 1087 1141 1215 1707 1750 1877 2279 2432 2438 2453 2590 2704 2913 2987 3097 3148 3444 3477 3521 3696 3706 3715 3982
75 3 454 491 666 677 980 1319 1341 1352 1854 1903 1949 1974 2184 2214 2892 3058 3590 3635 3776 3877 3970
76 135 148 347 433 693 717 853 903 1275 1295 1315 1414 1554 1872 1939 2296 2563 2601 2895 3139 3157 3427 3729 3792 3958
77 100 260 307 988 1088 1262 1527 1772 1996 2241 2272 2285 2392 2415 2423 2678 2817 2875 2897 3028 3114 3117 3349 3367 3552 3599
78 20 497 571 594 1029 1053 1198 1932 1999 2090 2114 2205 2324 2352 2431 2714 3049 3084 3273 3324 3383 3503 3528 3665 3784 3850 3969
79 90 144 323 348 550 618 811 1117 1201 1320 1338 1571 1636 1747 2224 2254 2269 2291 2709 2920 2943 3113 3830 3833 3851
80 84 113 155 227 247 366 570 607 647 703 1289 1727 1821 1954 2043 2198 2300 2320 2348 2518 2695 2992 3443 3512 3827 3922
81 252 363 496 704 713 1084 1197 1685 1850 2028 2191 2193 2270 2357 2375 2407 2559 2758 2818 2896 2993 3001 3396 3764 3777
82 36 192 419 788 1190 1351 1537 1623 1665 1734 1780 2118 2325 2394 2574 2755 2841 2894 3052 3346 3400 3506 3579 3628 3684 3780
83 40 176 183 531 619 630 993 997 1465 1505 1616 1656 2007 2471 2537 2542 2549 2561 2599 2873 3045 3055 3059 3554 3869 3900
84 273 440 526 583 676 798 1028 1077 1208 1258 1367 1387 1540 2097 2233 2477 2503 2837 2911 3022 3333 3471 3508 3533 3790 3826 3947
85 57 77 727 737 992 1033 1378 1419 1428 1586 2100 2142 2177 2183 2836 2914 2940 2941 2983 3281 3543 3549 3694
86 95 115 201 512 990 1179 1184 1496 1536 1609 1680 1959 1971 2092 2259 2318 2322 2443 2939 3000 3061 3178 3187 3211 3314 3884
87 88 396 444 458 533 642 709 876 971 1047 1171 1460 1967 2274 2319 2363 2891 3038 3164 3270 3410 3731 3842
88 199 317 659 748 792 823 858 1060 1075 1562 1569 1582 1604 1635 1895 2048 2637 2693 2729 2795 3094 3200 3435 3454 3489 3573
89 265 284 451 586 964 1249 1302 1374 1436 1459 1564 1713 1767 1880 1957 2135 2456 2598 2886 3013 3331 3428 3732 3823 3829
90 31 156 217 312 337 350 364 830 1176 1239 1331 1729 1874 2031 2476 2495 3033 3090 3456 3621 3806 3815
91 291 421 574 635 948 984 1210 1214 1362 1476 1493 1533 1742 1812 1856 2288 2298 2478 2635 2990 3183 3389 3472 3531 3638 3737 3825
92 453 467 492 932 1099 1782 1808 1884 1943 1975 2012 2149 2545 2652 2741 2790 2905 2950 3108 3337 3466 3520 3526 3568 3605 3642 3709 3798 3852
93 122 373 418 543 745 981 1098 1143 1218 1234 1435 1953 1981 2082 2612 2618 2879 2969 2978 3034 3050 3534 3572 3683 3794 3818 3820
94 147 344 410 522 604 626 627 734 1085 1114 1180 1203 1242 1906 2063 2137 2451 2683 2769 3018 3105 3296 3763 3775 3785 3789
95 22 178 521 587 744 862 935 1106 1456 1641 1666 1725 1753 1757 1783 1911 1941 1979 2046 2154 2202 2342 2706 3032 3144 3192 3661 3710 3767 3788
96 67 161 283 457 556 601 760 943 1312 1316 1559 1566 1842 1867 1896 1998 2152 2187 2368 2793 2848 2991 3176 3242 3462 3625 3795
97 672 776 854 897 1017 1279 1286 1361 1371 1379 1381 1407 1420 1516 1888 2129 2161 2170 2278 2356 2541 2642 2708 2812 3074 3556 3588
98 238 250 271 280 462 683 898 1054 1307 1321 1328 1336 1356 1490 1709 1739 1868 2073 2109 2244 2331 2602 2827 2882 2963 3056 3201 3382 3578 3593
99 219 288 589 622 774 782 1070 1450 1633 1825 1904 1928 2169 2199 2409 2515 2789 2810 2831 2867 3085 3089 3093 3465 3607 3627 3703
